android/app/build/intermediates/manifest_merge_blame_file/debug/manifest-merger-blame-debug-report.txt
1<?xml version="1.0" encoding="utf-8"?>
2<manifest xmlns:android="http://schemas.android.com/apk/res/android"
3    package="com.lottie"
4    android:versionCode="1"
5    android:versionName="1.0" >
6
7    <uses-sdk
8        android:minSdkVersion="21"
9        android:targetSdkVersion="33" />
10
11    <uses-permission android:name="android.permission.SYSTEM_ALERT_WINDOW" />
11-->src/debug/AndroidManifest.xml:5:5-77
11-->src/debug/AndroidManifest.xml:5:22-75
12    <uses-permission android:name="android.permission.INTERNET" />
12-->src/main/AndroidManifest.xml:3:5-67
12-->src/main/AndroidManifest.xml:3:22-64
13    <uses-permission android:name="android.permission.ACCESS_WIFI_STATE" />
13-->[com.facebook.flipper:flipper:0.182.0] AndroidManifest.xml:16:5-76
13-->[com.facebook.flipper:flipper:0.182.0] AndroidManifest.xml:16:22-73
14
15    <permission
15-->[androidx.core:core:1.9.0] AndroidManifest.xml:22:5-24:47
16        android:name="com.lottie.DYNAMIC_RECEIVER_NOT_EXPORTED_PERMISSION"
16-->[androidx.core:core:1.9.0] AndroidManifest.xml:23:9-81
17        android:protectionLevel="signature" />
17-->[androidx.core:core:1.9.0] AndroidManifest.xml:24:9-44
18
19    <uses-permission android:name="com.lottie.DYNAMIC_RECEIVER_NOT_EXPORTED_PERMISSION" />
19-->[androidx.core:core:1.9.0] AndroidManifest.xml:26:5-97
19-->[androidx.core:core:1.9.0] AndroidManifest.xml:26:22-94
20
21    <application
21-->src/main/AndroidManifest.xml:5:5-24:19
22        android:name="com.lottie.MainApplication"
22-->src/main/AndroidManifest.xml:6:7-38
23        android:allowBackup="false"
23-->src/main/AndroidManifest.xml:10:7-34
24        android:appComponentFactory="androidx.core.app.CoreComponentFactory"
24-->[androidx.core:core:1.9.0] AndroidManifest.xml:28:18-86
25        android:debuggable="true"
26        android:icon="@mipmap/ic_launcher"
26-->src/main/AndroidManifest.xml:8:7-41
27        android:label="@string/app_name"
27-->src/main/AndroidManifest.xml:7:7-39
28        android:roundIcon="@mipmap/ic_launcher_round"
28-->src/main/AndroidManifest.xml:9:7-52
29        android:theme="@style/AppTheme"
29-->src/main/AndroidManifest.xml:11:7-38
30        android:usesCleartextTraffic="true" >
30-->src/debug/AndroidManifest.xml:8:9-44
31        <activity
31-->src/debug/AndroidManifest.xml:11:9-111
32            android:name="com.facebook.react.devsupport.DevSettingsActivity"
32-->src/debug/AndroidManifest.xml:11:19-83
33            android:exported="false" />
33-->src/debug/AndroidManifest.xml:11:84-108
34        <activity
34-->src/main/AndroidManifest.xml:12:7-23:18
35            android:name="com.lottie.MainActivity"
35-->src/main/AndroidManifest.xml:13:9-37
36            android:configChanges="keyboard|keyboardHidden|orientation|screenLayout|screenSize|smallestScreenSize|uiMode"
36-->src/main/AndroidManifest.xml:15:9-118
37            android:exported="true"
37-->src/main/AndroidManifest.xml:18:9-32
38            android:label="@string/app_name"
38-->src/main/AndroidManifest.xml:14:9-41
39            android:launchMode="singleTask"
39-->src/main/AndroidManifest.xml:16:9-40
40            android:windowSoftInputMode="adjustResize" >
40-->src/main/AndroidManifest.xml:17:9-51
41            <intent-filter>
41-->src/main/AndroidManifest.xml:19:9-22:25
42                <action android:name="android.intent.action.MAIN" />
42-->src/main/AndroidManifest.xml:20:13-65
42-->src/main/AndroidManifest.xml:20:21-62
43
44                <category android:name="android.intent.category.LAUNCHER" />
44-->src/main/AndroidManifest.xml:21:13-73
44-->src/main/AndroidManifest.xml:21:23-70
45            </intent-filter>
46        </activity>
47
48        <provider
48-->[androidx.emoji2:emoji2:1.2.0] AndroidManifest.xml:24:9-32:20
49            android:name="androidx.startup.InitializationProvider"
49-->[androidx.emoji2:emoji2:1.2.0] AndroidManifest.xml:25:13-67
50            android:authorities="com.lottie.androidx-startup"
50-->[androidx.emoji2:emoji2:1.2.0] AndroidManifest.xml:26:13-68
51            android:exported="false" >
51-->[androidx.emoji2:emoji2:1.2.0] AndroidManifest.xml:27:13-37
52            <meta-data
52-->[androidx.emoji2:emoji2:1.2.0] AndroidManifest.xml:29:13-31:52
53                android:name="androidx.emoji2.text.EmojiCompatInitializer"
53-->[androidx.emoji2:emoji2:1.2.0] AndroidManifest.xml:30:17-75
54                android:value="androidx.startup" />
54-->[androidx.emoji2:emoji2:1.2.0] AndroidManifest.xml:31:17-49
55            <meta-data
55-->[androidx.lifecycle:lifecycle-process:2.4.1] AndroidManifest.xml:31:13-33:52
56                android:name="androidx.lifecycle.ProcessLifecycleInitializer"
56-->[androidx.lifecycle:lifecycle-process:2.4.1] AndroidManifest.xml:32:17-78
57                android:value="androidx.startup" />
57-->[androidx.lifecycle:lifecycle-process:2.4.1] AndroidManifest.xml:33:17-49
58        </provider>
59
60        <meta-data
60-->[com.facebook.soloader:soloader:0.10.5] AndroidManifest.xml:12:9-14:37
61            android:name="com.facebook.soloader.enabled"
61-->[com.facebook.soloader:soloader:0.10.5] AndroidManifest.xml:13:13-57
62            android:value="false" />
62-->[com.facebook.soloader:soloader:0.10.5] AndroidManifest.xml:14:13-34
63    </application>
64
65</manifest>